生成启动时间为 2019/9/19 20:27:49。
     1>项目“E:\编程\vs编译\三子棋\三子棋\三子棋.vcxproj”在节点 2 上(Build 个目标)。
     1>ClCompile:
         E:\VS2013\VC\bin\CL.exe /c /Zi /nologo /W3 /WX- /sdl /O2 /Oi /Oy- /GL /D WIN32 /D NDEBUG /D _CONSOLE /D _LIB /D _UNICODE /D UNICODE /Gm- /EHsc /MD /GS /Gy /fp:precise /Zc:wchar_t /Zc:forScope /Fo"Release\\" /Fd"Release\vc120.pdb" /Gd /TC /analyze- /errorReport:prompt game.c "源.c"
         game.c
     1>game.c(25): warning C4013: “printf”未定义；假设外部返回 int
     1>game.c(41): warning C4013: “scanf”未定义；假设外部返回 int
     1>game.c(42): warning C4013: “system”未定义；假设外部返回 int
     1>game.c(100): warning C4013: “rand”未定义；假设外部返回 int
         源.c
     1>源.c(21): warning C4013: “InitBoard”未定义；假设外部返回 int
     1>源.c(22): warning C4013: “ShowBoard”未定义；假设外部返回 int
     1>源.c(25): warning C4013: “PlayerMove”未定义；假设外部返回 int
     1>源.c(26): warning C4013: “IsWin”未定义；假设外部返回 int
     1>源.c(33): warning C4013: “ComputerMove”未定义；假设外部返回 int
       Link:
         E:\VS2013\VC\bin\link.exe /ERRORREPORT:PROMPT /OUT:"E:\编程\vs编译\三子棋\Release\三子棋.exe" /INCREMENTAL:NO /NOLOGO kernel32.lib user32.lib gdi32.lib winspool.lib comdlg32.lib advapi32.lib shell32.lib ole32.lib oleaut32.lib uuid.lib odbc32.lib odbccp32.lib /MANIFEST /MANIFESTUAC:"level='asInvoker' uiAccess='false'" /manifest:embed /DEBUG /PDB:"E:\编程\vs编译\三子棋\Release\三子棋.pdb" /SUBSYSTEM:CONSOLE /OPT:REF /OPT:ICF /LTCG /TLBID:1 /DYNAMICBASE /NXCOMPAT /IMPLIB:"E:\编程\vs编译\三子棋\Release\三子棋.lib" /MACHINE:X86 /SAFESEH Release\game.obj
         "Release\源.obj"
         正在生成代码
         已完成代码的生成
         三子棋.vcxproj -> E:\编程\vs编译\三子棋\Release\三子棋.exe
     1>已完成生成项目“E:\编程\vs编译\三子棋\三子棋\三子棋.vcxproj”(Build 个目标)的操作。

生成成功。

已用时间 00:00:02.10
